-------------------------------------------------------------------------------
Test set: online_tusur.unit_online_tusur.StudentTest
-------------------------------------------------------------------------------
Tests run: 6, Failures: 1, Errors: 0, Skipped: 0, Time elapsed: 0.027 s <<< FAILURE! - in online_tusur.unit_online_tusur.StudentTest
testAgeOnTheRightBorder  Time elapsed: 0.022 s  <<< FAILURE!
org.opentest4j.AssertionFailedError: expected: <50> but was: <18>
	at online_tusur.unit_online_tusur.StudentTest.testAgeOnTheRightBorder(StudentTest.java:67)

