<?xml version="1.0" encoding="UTF-8"?>
<testsuite xmlns:xsi="http://www.w3.org/2001/XMLSchema-instance" xsi:noNamespaceSchemaLocation="https://maven.apache.org/surefire/maven-surefire-plugin/xsd/surefire-test-report.xsd" name="online_tusur.unit_online_tusur.StudentTest" time="0.027" tests="6" errors="0" skipped="0" failures="1">
  <properties>
[...]
</properties>
  <testcase name="testAgeOnTheRightBorder" classname="online_tusur.unit_online_tusur.StudentTest" time="0.022">
    <failure message="expected: &lt;50&gt; but was: &lt;18&gt;" type="org.opentest4j.AssertionFailedError"><![CDATA[org.opentest4j.AssertionFailedError: expected: <50> but was: <18>
	at online_tusur.unit_online_tusur.StudentTest.testAgeOnTheRightBorder(StudentTest.java:67)
]]></failure>
    <system-out><![CDATA[18
]]></system-out>
  </testcase>
  <testcase name="testAgeWithinTheBorder" classname="online_tusur.unit_online_tusur.StudentTest" time="0"/>
  <testcase name="testLastNameTrue" classname="online_tusur.unit_online_tusur.StudentTest" time="0"/>
  <testcase name="testAgeOnTheLeftBorder" classname="online_tusur.unit_online_tusur.StudentTest" time="0"/>
  <testcase name="testFirstNameTrue" classname="online_tusur.unit_online_tusur.StudentTest" time="0"/>
  <testcase name="testFullNameTrue" classname="online_tusur.unit_online_tusur.StudentTest" time="0"/>
</testsuite>